<?xml version="1.0" encoding="UTF-8"?>
<!-- Generated by org.testng.reporters.JUnitReportReporter -->
<testsuite hostname="OmSriSaiRam" failures="0" tests="3" name="tests.LoginTest" time="19.493" errors="0" timestamp="2024-09-14T12:31:44 IST" skipped="0">
  <testcase classname="tests.LoginTest" name="loginWithValidDetails" time="6.420"/>
  <testcase classname="tests.LoginTest" name="loginWithValidDetails" time="7.287"/>
  <testcase classname="tests.LoginTest" name="loginWithValidDetails" time="5.786"/>
</testsuite> <!-- tests.LoginTest -->
