<?xml version="1.0" encoding="UTF-8"?>
<!-- Generated by org.testng.reporters.JUnitReportReporter -->
<testsuite hostname="DESKTOP-JS97KSS" failures="0" tests="1" name="tests.RegisterTest" time="16.396" errors="0" timestamp="2024-09-11T14:56:39 IST" skipped="0">
  <testcase classname="tests.RegisterTest" name="registerAccountWithValidData" time="16.396"/>
</testsuite> <!-- tests.RegisterTest -->
