<?xml version="1.0" encoding="UTF-8"?>
<!-- Generated by org.testng.reporters.JUnitReportReporter -->
<testsuite hostname="OmSriSaiRam" failures="0" tests="1" name="tests.RegisterTest" time="10.942" errors="0" timestamp="2024-09-14T20:22:41 IST" skipped="0">
  <testcase classname="tests.RegisterTest" name="registerAccountWithValidData" time="10.942"/>
</testsuite> <!-- tests.RegisterTest -->
